<?xml version="1.0" encoding="UTF-8"?>
<testsuite xmlns:xsi="http://www.w3.org/2001/XMLSchema-instance" xsi:noNamespaceSchemaLocation="https://maven.apache.org/surefire/maven-surefire-plugin/xsd/surefire-test-report.xsd" name="WindowTest" time="1.005" tests="3" errors="0" skipped="0" failures="0">
  <properties>
    <property name="java.specification.version" value="17"/>
    <property name="sun.cpu.isalist" value="amd64"/>
    <property name="sun.jnu.encoding" value="GBK"/>
    <property name="java.class.path" value="E:\Clanguage\159.251\assignment\251-Assignment1-2022-YIfan-Qiu-Fangxiao-Cui\target\test-classes;E:\Clanguage\159.251\assignment\251-Assignment1-2022-YIfan-Qiu-Fangxiao-Cui\target\classes;E:\repository\org\apache\pdfbox\pdfbox\2.0.22\pdfbox-2.0.22.jar;E:\repository\org\apache\pdfbox\fontbox\2.0.22\fontbox-2.0.22.jar;E:\repository\commons-logging\commons-logging\1.2\commons-logging-1.2.jar;E:\repository\org\junit\jupiter\junit-jupiter\5.6.2\junit-jupiter-5.6.2.jar;E:\repository\org\junit\jupiter\junit-jupiter-api\5.6.2\junit-jupiter-api-5.6.2.jar;E:\repository\org\apiguardian\apiguardian-api\1.1.0\apiguardian-api-1.1.0.jar;E:\repository\org\opentest4j\opentest4j\1.2.0\opentest4j-1.2.0.jar;E:\repository\org\junit\platform\junit-platform-commons\1.6.2\junit-platform-commons-1.6.2.jar;E:\repository\org\junit\jupiter\junit-jupiter-params\5.6.2\junit-jupiter-params-5.6.2.jar;E:\repository\org\junit\jupiter\junit-jupiter-engine\5.6.2\junit-jupiter-engine-5.6.2.jar;E:\repository\org\junit\platform\junit-platform-engine\1.6.2\junit-platform-engine-1.6.2.jar;E:\repository\org\dom4j\dom4j\2.1.3\dom4j-2.1.3.jar;E:\repository\org\mockito\mockito-core\4.8.0\mockito-core-4.8.0.jar;E:\repository\net\bytebuddy\byte-buddy\1.12.14\byte-buddy-1.12.14.jar;E:\repository\net\bytebuddy\byte-buddy-agent\1.12.14\byte-buddy-agent-1.12.14.jar;E:\repository\org\objenesis\objenesis\3.2\objenesis-3.2.jar;E:\repository\com\fifesoft\rsyntaxtextarea\3.1.3\rsyntaxtextarea-3.1.3.jar;"/>
    <property name="java.vm.vendor" value="Oracle Corporation"/>
    <property name="sun.arch.data.model" value="64"/>
    <property name="user.variant" value=""/>
    <property name="java.vendor.url" value="https://java.oracle.com/"/>
    <property name="user.timezone" value="Asia/Singapore"/>
    <property name="os.name" value="Windows 11"/>
    <property name="java.vm.specification.version" value="17"/>
    <property name="sun.java.launcher" value="SUN_STANDARD"/>
    <property name="user.country" value="CN"/>
    <property name="sun.boot.library.path" value="E:\openjdk-17.0.2_windows-x64_bin\jdk-17.0.2\bin"/>
    <property name="sun.java.command" value="C:\Users\fanker\AppData\Local\Temp\surefire11578172598306853185\surefirebooter3962424020149237980.jar C:\Users\fanker\AppData\Local\Temp\surefire11578172598306853185 2022-10-08T09-10-30_063-jvmRun1 surefire16047351727880146170tmp surefire_013580570758569624204tmp"/>
    <property name="jdk.debug" value="release"/>
    <property name="surefire.test.class.path" value="E:\Clanguage\159.251\assignment\251-Assignment1-2022-YIfan-Qiu-Fangxiao-Cui\target\test-classes;E:\Clanguage\159.251\assignment\251-Assignment1-2022-YIfan-Qiu-Fangxiao-Cui\target\classes;E:\repository\org\apache\pdfbox\pdfbox\2.0.22\pdfbox-2.0.22.jar;E:\repository\org\apache\pdfbox\fontbox\2.0.22\fontbox-2.0.22.jar;E:\repository\commons-logging\commons-logging\1.2\commons-logging-1.2.jar;E:\repository\org\junit\jupiter\junit-jupiter\5.6.2\junit-jupiter-5.6.2.jar;E:\repository\org\junit\jupiter\junit-jupiter-api\5.6.2\junit-jupiter-api-5.6.2.jar;E:\repository\org\apiguardian\apiguardian-api\1.1.0\apiguardian-api-1.1.0.jar;E:\repository\org\opentest4j\opentest4j\1.2.0\opentest4j-1.2.0.jar;E:\repository\org\junit\platform\junit-platform-commons\1.6.2\junit-platform-commons-1.6.2.jar;E:\repository\org\junit\jupiter\junit-jupiter-params\5.6.2\junit-jupiter-params-5.6.2.jar;E:\repository\org\junit\jupiter\junit-jupiter-engine\5.6.2\junit-jupiter-engine-5.6.2.jar;E:\repository\org\junit\platform\junit-platform-engine\1.6.2\junit-platform-engine-1.6.2.jar;E:\repository\org\dom4j\dom4j\2.1.3\dom4j-2.1.3.jar;E:\repository\org\mockito\mockito-core\4.8.0\mockito-core-4.8.0.jar;E:\repository\net\bytebuddy\byte-buddy\1.12.14\byte-buddy-1.12.14.jar;E:\repository\net\bytebuddy\byte-buddy-agent\1.12.14\byte-buddy-agent-1.12.14.jar;E:\repository\org\objenesis\objenesis\3.2\objenesis-3.2.jar;E:\repository\com\fifesoft\rsyntaxtextarea\3.1.3\rsyntaxtextarea-3.1.3.jar;"/>
    <property name="sun.cpu.endian" value="little"/>
    <property name="user.home" value="C:\Users\fanker"/>
    <property name="user.language" value="zh"/>
    <property name="java.specification.vendor" value="Oracle Corporation"/>
    <property name="java.version.date" value="2022-01-18"/>
    <property name="java.home" value="E:\openjdk-17.0.2_windows-x64_bin\jdk-17.0.2"/>
    <property name="file.separator" value="\"/>
    <property name="basedir" value="E:\Clanguage\159.251\assignment\251-Assignment1-2022-YIfan-Qiu-Fangxiao-Cui"/>
    <property name="java.vm.compressedOopsMode" value="Zero based"/>
    <property name="line.separator" value="&#10;"/>
    <property name="java.vm.specification.vendor" value="Oracle Corporation"/>
    <property name="java.specification.name" value="Java Platform API Specification"/>
    <property name="surefire.real.class.path" value="C:\Users\fanker\AppData\Local\Temp\surefire11578172598306853185\surefirebooter3962424020149237980.jar"/>
    <property name="user.script" value=""/>
    <property name="sun.management.compiler" value="HotSpot 64-Bit Tiered Compilers"/>
    <property name="java.runtime.version" value="17.0.2+8-86"/>
    <property name="user.name" value="fanker"/>
    <property name="path.separator" value=";"/>
    <property name="os.version" value="10.0"/>
    <property name="java.runtime.name" value="OpenJDK Runtime Environment"/>
    <property name="file.encoding" value="GBK"/>
    <property name="java.vm.name" value="OpenJDK 64-Bit Server VM"/>
    <property name="localRepository" value="E:\repository"/>
    <property name="java.vendor.url.bug" value="https://bugreport.java.com/bugreport/"/>
    <property name="java.io.tmpdir" value="C:\Users\fanker\AppData\Local\Temp\"/>
    <property name="java.version" value="17.0.2"/>
    <property name="user.dir" value="E:\Clanguage\159.251\assignment\251-Assignment1-2022-YIfan-Qiu-Fangxiao-Cui"/>
    <property name="os.arch" value="amd64"/>
    <property name="java.vm.specification.name" value="Java Virtual Machine Specification"/>
    <property name="sun.os.patch.level" value=""/>
    <property name="native.encoding" value="GBK"/>
    <property name="java.library.path" value="E:\openjdk-17.0.2_windows-x64_bin\jdk-17.0.2\bin;C:\WINDOWS\Sun\Java\bin;C:\WINDOWS\system32;C:\WINDOWS;G:\鏅鸿兘杞bin\;C:\Program Files (x86)\Common Files\Intel\Shared Libraries\redist\intel64_win\compiler;C:\Windows\system32;C:\Windows;C:\Windows\System32\Wbem;C:\Windows\System32\WindowsPowerShell\v1.0\;C:\Windows\System32\OpenSSH\;C:\Program Files (x86)\NVIDIA Corporation\PhysX\Common;C:\Program Files\NVIDIA Corporation\NVIDIA NvDLISR;E:\Clanguage\mingw64\bin;C:\WINDOWS\system32;C:\WINDOWS;C:\WINDOWS\System32\Wbem;C:\WINDOWS\System32\WindowsPowerShell\v1.0\;C:\WINDOWS\System32\OpenSSH\;E:\Clanguage\Git\cmd;E:\Clanguage\apache-maven-3.8.4-bin\apache-maven-3.8.4\bin;E:\Clanguage\apache-maven-3.8.4-bin\apache-maven-3.8.4\bin;E:\openjdk-17.0.2_windows-x64_bin\jdk-17.0.2\bin;E:\Clanguage\寰俊web寮�鍙戣�呭伐鍏穃dll;C:\Program Files\dotnet\;E:\OpenCV-x64\OpenCV-MinGW-x64\x64\mingw\bin;C:\Users\fanker\AppData\Local\Microsoft\WindowsApps;E:\python\PyCharm Community Edition 2021.1.1\bin;;."/>
    <property name="java.vm.info" value="mixed mode, sharing"/>
    <property name="java.vendor" value="Oracle Corporation"/>
    <property name="java.vm.version" value="17.0.2+8-86"/>
    <property name="sun.io.unicode.encoding" value="UnicodeLittle"/>
    <property name="java.class.version" value="61.0"/>
  </properties>
  <testcase name="savetest" classname="WindowTest" time="0.998"/>
  <testcase name="openFile" classname="WindowTest" time="0"/>
  <testcase name="saveAspdf" classname="WindowTest" time="0.001"/>
</testsuite>